
2025-02-21 18:21:24,237 - INFO - dataset: /home/yeqchen/cap/CAP/dataset/BirdMigration/bird_data.txt
2025-02-21 18:21:24,237 - INFO - model: transformer
2025-02-21 18:21:24,238 - INFO - Test Loss: 0.991861
2025-02-21 18:21:39,639 - INFO - dataset: /home/yeqchen/cap/CAP/dataset/BirdMigration/bird_data.txt
2025-02-21 18:21:39,640 - INFO - model: transformer
2025-02-21 18:21:39,640 - INFO - Test Loss: 0.992249
2025-02-21 18:21:50,497 - INFO - dataset: /home/yeqchen/cap/CAP/dataset/BirdMigration/bird_data.txt
2025-02-21 18:21:50,497 - INFO - model: transformer
2025-02-21 18:21:50,497 - INFO - Test Loss: 0.992029
2025-02-21 18:21:53,286 - INFO - dataset: /home/yeqchen/cap/CAP/dataset/BirdMigration/bird_data.txt
2025-02-21 18:21:53,287 - INFO - model: transformer
2025-02-21 18:21:53,287 - INFO - Test Loss: 0.992096
2025-02-21 18:22:42,232 - INFO - dataset: /home/yeqchen/cap/CAP/dataset/BirdMigration/bird_data.txt
2025-02-21 18:22:42,232 - INFO - model: transformer
2025-02-21 18:22:42,232 - INFO - Test Loss: 0.991897
2025-02-22 00:40:29,030 - INFO - dataset: /home/yeqchen/cap/CAP/dataset/BirdMigration/bird_data.txt
2025-02-22 00:40:29,031 - INFO - model: transformer
2025-02-22 00:40:29,031 - INFO - Test Loss: 0.995462
2025-02-23 02:30:41,362 - INFO - dataset: /home/yeqchen/cap/CAP/dataset/ElectricityTransformer/et_data.txt
2025-02-23 02:30:41,362 - INFO - model: autoformer
2025-02-23 02:30:41,362 - INFO - Test Loss: 0.926921
2025-02-23 11:34:04,491 - INFO - dataset: /home/yeqchen/cap/CAP/dataset/ElectricityTransformer/et_data.txt
2025-02-23 11:34:04,492 - INFO - model: transformer
2025-02-23 11:34:04,492 - INFO - Test Loss: 0.828209
2025-02-23 11:40:05,806 - INFO - dataset: /home/yeqchen/cap/CAP/dataset/ElectricityTransformer/et_data.txt
2025-02-23 11:40:05,807 - INFO - model: autoformer
2025-02-23 11:40:05,807 - INFO - Test Loss: nan
2025-02-23 11:42:53,923 - INFO - dataset: /home/yeqchen/cap/CAP/dataset/ElectricityTransformer/et_data.txt
2025-02-23 11:42:53,923 - INFO - model: autoformer
2025-02-23 11:42:53,924 - INFO - Test Loss: 6946639404452954112.000000
2025-02-23 11:44:37,188 - INFO - dataset: /home/yeqchen/cap/CAP/dataset/ElectricityTransformer/et_data.txt
2025-02-23 11:44:37,188 - INFO - model: autoformer
2025-02-23 11:44:37,188 - INFO - Test Loss: 0.951545
2025-02-23 11:56:19,265 - INFO - dataset: /home/yeqchen/cap/CAP/dataset/ElectricityTransformer/et_data.txt
2025-02-23 11:56:19,266 - INFO - model: autoformer
2025-02-23 11:56:19,266 - INFO - Test Loss: 581505159215.080444
2025-02-23 11:58:24,581 - INFO - dataset: /home/yeqchen/cap/CAP/dataset/ElectricityTransformer/et_data.txt
2025-02-23 11:58:24,581 - INFO - model: autoformer
2025-02-23 11:58:24,581 - INFO - Test Loss: 0.911315
2025-02-23 20:47:13,167 - INFO - dataset: /home/yeqchen/cap/CAP/dataset/ElectricityTransformer/et_data.txt
2025-02-23 20:47:13,167 - INFO - model: informer
2025-02-23 20:47:13,167 - INFO - Test Loss: 0.997921
2025-02-27 11:40:43,236 - INFO - dataset: /home/yeqchen/cap/CAP/dataset/ElectricityTransformer/et_data.txt
2025-02-27 11:40:43,237 - INFO - model: informer
2025-02-27 11:40:43,237 - INFO - Test Loss: 1.004178
